<?xml version="1.0" encoding="UTF-8"?>
<testng-results ignored="1" total="4" passed="2" failed="1" skipped="0">
  <reporter-output>
  </reporter-output>
  <suite started-at="2024-07-23T18:31:42 GST" name="Default suite" finished-at="2024-07-23T18:32:13 GST" duration-ms="31362">
    <groups>
    </groups>
    <test started-at="2024-07-23T18:31:42 GST" name="Default test" finished-at="2024-07-23T18:32:13 GST" duration-ms="31362">
      <class name="com.orangeHRM.testcases.Testcases">
        <test-method is-config="true" signature="start()[pri:0, instance:com.orangeHRM.testcases.Testcases@8f2ef19]" started-at="2024-07-23T18:31:43 GST" name="start" finished-at="2024-07-23T18:31:53 GST" duration-ms="10371" status="PASS">
          <reporter-output>
          </reporter-output>
        </test-method> <!-- start -->
        <test-method signature="LoginWithValidCredentials(java.lang.String,java.lang.String)[pri:2, instance:com.orangeHRM.testcases.Testcases@8f2ef19]" started-at="2024-07-23T18:31:53 GST" name="LoginWithValidCredentials" data-provider="TC02Testdata" finished-at="2024-07-23T18:31:54 GST" duration-ms="304" status="PASS">
          <params>
            <param index="0">
              <value>
                <![CDATA[pavan]]>
              </value>
            </param>
            <param index="1">
              <value is-null="true"/>
            </param>
          </params>
          <reporter-output>
          </reporter-output>
        </test-method> <!-- LoginWithValidCredentials -->
        <test-method is-config="true" signature="tearDown()[pri:0, instance:com.orangeHRM.testcases.Testcases@8f2ef19]" started-at="2024-07-23T18:31:54 GST" name="tearDown" finished-at="2024-07-23T18:31:54 GST" duration-ms="278" status="PASS">
          <reporter-output>
          </reporter-output>
        </test-method> <!-- tearDown -->
        <test-method is-config="true" signature="start()[pri:0, instance:com.orangeHRM.testcases.Testcases@8f2ef19]" started-at="2024-07-23T18:31:54 GST" name="start" finished-at="2024-07-23T18:32:03 GST" duration-ms="9364" status="PASS">
          <reporter-output>
          </reporter-output>
        </test-method> <!-- start -->
        <test-method signature="LoginWithValidCredentials(java.lang.String,java.lang.String)[pri:2, instance:com.orangeHRM.testcases.Testcases@8f2ef19]" started-at="2024-07-23T18:32:03 GST" name="LoginWithValidCredentials" data-provider="TC02Testdata" finished-at="2024-07-23T18:32:03 GST" duration-ms="26" status="PASS">
          <params>
            <param index="0">
              <value>
                <![CDATA[Shanvi]]>
              </value>
            </param>
            <param index="1">
              <value is-null="true"/>
            </param>
          </params>
          <reporter-output>
          </reporter-output>
        </test-method> <!-- LoginWithValidCredentials -->
        <test-method is-config="true" signature="tearDown()[pri:0, instance:com.orangeHRM.testcases.Testcases@8f2ef19]" started-at="2024-07-23T18:32:03 GST" name="tearDown" finished-at="2024-07-23T18:32:03 GST" duration-ms="112" status="PASS">
          <reporter-output>
          </reporter-output>
        </test-method> <!-- tearDown -->
        <test-method is-config="true" signature="start()[pri:0, instance:com.orangeHRM.testcases.Testcases@8f2ef19]" started-at="2024-07-23T18:32:03 GST" name="start" finished-at="2024-07-23T18:32:13 GST" duration-ms="9569" status="PASS">
          <reporter-output>
          </reporter-output>
        </test-method> <!-- start -->
        <test-method signature="Logintest2()[pri:3, instance:com.orangeHRM.testcases.Testcases@8f2ef19]" started-at="2024-07-23T18:32:13 GST" name="Logintest2" finished-at="2024-07-23T18:32:13 GST" duration-ms="9" status="FAIL">
          <exception class="java.lang.AssertionError">
            <message>
              <![CDATA[null]]>
            </message>
            <full-stacktrace>
              <![CDATA[java.lang.AssertionError: null
at org.testng.Assert.fail(Assert.java:110)
at org.testng.Assert.fail(Assert.java:115)
at com.orangeHRM.pageobjects.Loginpageobjects.enterusername(Loginpageobjects.java:48)
at com.orangeHRM.testcases.Testcases.Logintest2(Testcases.java:40)
at java.base/jdk.internal.reflect.DirectMethodHandleAccessor.invoke(DirectMethodHandleAccessor.java:103)
at java.base/java.lang.reflect.Method.invoke(Method.java:580)
at org.testng.internal.invokers.MethodInvocationHelper.invokeMethod(MethodInvocationHelper.java:139)
at org.testng.internal.invokers.TestInvoker.invokeMethod(TestInvoker.java:677)
at org.testng.internal.invokers.TestInvoker.invokeTestMethod(TestInvoker.java:221)
at org.testng.internal.invokers.MethodRunner.runInSequence(MethodRunner.java:50)
at org.testng.internal.invokers.TestInvoker$MethodInvocationAgent.invoke(TestInvoker.java:969)
at org.testng.internal.invokers.TestInvoker.invokeTestMethods(TestInvoker.java:194)
at org.testng.internal.invokers.TestMethodWorker.invokeTestMethods(TestMethodWorker.java:148)
at org.testng.internal.invokers.TestMethodWorker.run(TestMethodWorker.java:128)
at java.base/java.util.ArrayList.forEach(ArrayList.java:1597)
at org.testng.TestRunner.privateRun(TestRunner.java:829)
at org.testng.TestRunner.run(TestRunner.java:602)
at org.testng.SuiteRunner.runTest(SuiteRunner.java:437)
at org.testng.SuiteRunner.runSequentially(SuiteRunner.java:431)
at org.testng.SuiteRunner.privateRun(SuiteRunner.java:391)
at org.testng.SuiteRunner.run(SuiteRunner.java:330)
at org.testng.SuiteRunnerWorker.runSuite(SuiteRunnerWorker.java:52)
at org.testng.SuiteRunnerWorker.run(SuiteRunnerWorker.java:95)
at org.testng.TestNG.runSuitesSequentially(TestNG.java:1256)
at org.testng.TestNG.runSuitesLocally(TestNG.java:1176)
at org.testng.TestNG.runSuites(TestNG.java:1099)
at org.testng.TestNG.run(TestNG.java:1067)
at org.testng.remote.AbstractRemoteTestNG.run(AbstractRemoteTestNG.java:115)
at org.testng.remote.RemoteTestNG.initAndRun(RemoteTestNG.java:293)
at org.testng.remote.RemoteTestNG.main(RemoteTestNG.java:91)
]]>
            </full-stacktrace>
          </exception> <!-- java.lang.AssertionError -->
          <reporter-output>
          </reporter-output>
        </test-method> <!-- Logintest2 -->
        <test-method is-config="true" signature="tearDown()[pri:0, instance:com.orangeHRM.testcases.Testcases@8f2ef19]" started-at="2024-07-23T18:32:13 GST" name="tearDown" finished-at="2024-07-23T18:32:13 GST" duration-ms="129" status="PASS">
          <reporter-output>
          </reporter-output>
        </test-method> <!-- tearDown -->
      </class> <!-- com.orangeHRM.testcases.Testcases -->
    </test> <!-- Default test -->
  </suite> <!-- Default suite -->
</testng-results>
